0 info it worked if it ends with ok
1 verbose cli [ 'F:\\nodejs\\node.exe',
1 verbose cli   'F:\\nodejs\\node_modules\\npm\\bin\\npm-cli.js',
1 verbose cli   'install',
1 verbose cli   'package.json' ]
2 info using npm@3.6.0
3 info using node@v5.6.0
4 silly loadCurrentTree Starting
5 silly install loadCurrentTree
6 silly install readLocalPackageData
7 silly fetchPackageMetaData package.json
8 silly fetchOtherPackageData package.json
9 silly cache add args [ 'package.json', null ]
10 verbose cache add spec package.json
11 silly cache add parsed spec Result {
11 silly cache add   raw: 'package.json',
11 silly cache add   scope: null,
11 silly cache add   name: null,
11 silly cache add   rawSpec: 'package.json',
11 silly cache add   spec: 'G:\\HGame_006\\hgame006\\server\\package.json',
11 silly cache add   type: 'local' }
12 silly addLocalTarball shasum (computed) 7c7b0b52eababb7e5256c8fb6b06d8c9d3e09d5c
13 verbose addTmpTarball G:\HGame_006\hgame006\server\package.json not in flight; adding
14 verbose correctMkdir C:\Users\Administrator\AppData\Roaming\npm-cache correctMkdir not in flight; initializing
15 verbose addTmpTarball validating metadata from G:\HGame_006\hgame006\server\package.json
16 verbose tar unpack G:\HGame_006\hgame006\server\package.json
17 verbose tar unpacking to C:\Users\ADMINI~1\AppData\Local\Temp\npm-7484-92e606bd\unpack-7ac659ad
18 silly gentlyRm C:\Users\ADMINI~1\AppData\Local\Temp\npm-7484-92e606bd\unpack-7ac659ad is being purged
19 verbose gentlyRm don't care about contents; nuking C:\Users\ADMINI~1\AppData\Local\Temp\npm-7484-92e606bd\unpack-7ac659ad
20 silly gunzTarPerm modes [ '777', '666' ]
21 error not a package G:\HGame_006\hgame006\server\package.json
22 error addLocal Could not install G:\HGame_006\hgame006\server\package.json
23 silly fetchPackageMetaData Error: ENOENT: no such file or directory, open 'C:\Users\ADMINI~1\AppData\Local\Temp\npm-7484-92e606bd\unpack-7ac659ad\package.json'
23 silly fetchPackageMetaData     at Error (native)
23 silly fetchPackageMetaData  error for package.json { [Error: ENOENT: no such file or directory, open 'C:\Users\ADMINI~1\AppData\Local\Temp\npm-7484-92e606bd\unpack-7ac659ad\package.json']
23 silly fetchPackageMetaData   errno: -4058,
23 silly fetchPackageMetaData   code: 'ENOENT',
23 silly fetchPackageMetaData   syscall: 'open',
23 silly fetchPackageMetaData   path: 'C:\\Users\\ADMINI~1\\AppData\\Local\\Temp\\npm-7484-92e606bd\\unpack-7ac659ad\\package.json' }
24 silly rollbackFailedOptional Starting
25 silly rollbackFailedOptional Finishing
26 silly runTopLevelLifecycles Starting
27 silly runTopLevelLifecycles Finishing
28 silly install printInstalled
29 verbose stack Error: ENOENT: no such file or directory, open 'C:\Users\ADMINI~1\AppData\Local\Temp\npm-7484-92e606bd\unpack-7ac659ad\package.json'
29 verbose stack     at Error (native)
30 verbose cwd G:\HGame_006\hgame006\server
31 error Windows_NT 6.1.7601
32 error argv "F:\\nodejs\\node.exe" "F:\\nodejs\\node_modules\\npm\\bin\\npm-cli.js" "install" "package.json"
33 error node v5.6.0
34 error npm  v3.6.0
35 error path C:\Users\ADMINI~1\AppData\Local\Temp\npm-7484-92e606bd\unpack-7ac659ad\package.json
36 error code ENOENT
37 error errno -4058
38 error syscall open
39 error enoent ENOENT: no such file or directory, open 'C:\Users\ADMINI~1\AppData\Local\Temp\npm-7484-92e606bd\unpack-7ac659ad\package.json'
40 error enoent ENOENT: no such file or directory, open 'C:\Users\ADMINI~1\AppData\Local\Temp\npm-7484-92e606bd\unpack-7ac659ad\package.json'
40 error enoent This is most likely not a problem with npm itself
40 error enoent and is related to npm not being able to find a file.
41 verbose exit [ -4058, true ]
